<?xml version="1.0" encoding="UTF-8"?>
<testsuite name="ohtu.matkakortti.KassapaateTest" tests="4" skipped="0" failures="0" errors="0" timestamp="2019-11-25T18:48:01" hostname="LAPTOP-GVHN9333" time="0.455">
  <properties/>
  <testcase name="kortiltaVelotetaanHintaJosRahaaOn" classname="ohtu.matkakortti.KassapaateTest" time="0.451"/>
  <testcase name="kortilleEiLadataRahaaJosSummaOnNegatiivinen" classname="ohtu.matkakortti.KassapaateTest" time="0.002"/>
  <testcase name="kortilleLadataanRahaaJosSummaOnPositiivinen" classname="ohtu.matkakortti.KassapaateTest" time="0.001"/>
  <testcase name="kortiltaEiVelotetaJosRahaEiRiita" classname="ohtu.matkakortti.KassapaateTest" time="0.001"/>
  <system-out><![CDATA[]]></system-out>
  <system-err><![CDATA[]]></system-err>
</testsuite>
